<?xml version="1.0" encoding="UTF-8"?>
<!-- Generated by org.testng.reporters.JUnitReportReporter -->
<testsuite hostname="ATMECSBLRLT-082" failures="0" tests="1" name="org.atmecs.web_automation_demo.testscript.SampleTestScript" time="9.087" errors="0" timestamp="05 Oct 2023 05:35:31 GMT" skipped="0">
  <testcase classname="org.atmecs.web_automation_demo.testscript.SampleTestScript" name="sampleTest" time="9.087"/>
</testsuite> <!-- org.atmecs.web_automation_demo.testscript.SampleTestScript -->
