<?xml version="1.0" encoding="UTF-8"?>
<!-- Generated by org.testng.reporters.JUnitReportReporter -->
<testsuite hostname="ATMECSBLRLT-082" failures="0" tests="1" name="org.atmecs.web_automation_adactin.testscript.DemoBlazeTestScript" time="83.901" errors="0" timestamp="06 Oct 2023 03:31:13 GMT" skipped="0">
  <testcase classname="org.atmecs.web_automation_adactin.testscript.DemoBlazeTestScript" name="sampleTest" time="83.901"/>
</testsuite> <!-- org.atmecs.web_automation_adactin.testscript.DemoBlazeTestScript -->
