<?xml version="1.0" encoding="UTF-8"?>
<!-- Generated by org.testng.reporters.JUnitReportReporter -->
<testsuite hostname="ATMECSBLRLT-082" failures="0" tests="1" name="org.atmecs.web_automation_demoBlaze.testscript.SampleTestScript" time="6.134" errors="0" timestamp="05 Oct 2023 07:47:15 GMT" skipped="0">
  <testcase classname="org.atmecs.web_automation_demoBlaze.testscript.SampleTestScript" name="sampleTest" time="6.134"/>
</testsuite> <!-- org.atmecs.web_automation_demoBlaze.testscript.SampleTestScript -->
