<?xml version="1.0" encoding="UTF-8"?>
<!-- Generated by org.testng.reporters.JUnitReportReporter -->
<testsuite hostname="ATMECSBLRLT-082" failures="0" tests="5" name="org.atmecs.web_automation_adactin.testscript.AdactinHotelTestScript" time="128.427" errors="0" timestamp="09 Oct 2023 07:09:15 GMT" skipped="0">
  <testcase classname="org.atmecs.web_automation_adactin.testscript.AdactinHotelTestScript" name="performActions" time="29.942"/>
  <testcase classname="org.atmecs.web_automation_adactin.testscript.AdactinHotelTestScript" name="performActions" time="28.540"/>
  <testcase classname="org.atmecs.web_automation_adactin.testscript.AdactinHotelTestScript" name="performActions" time="29.526"/>
  <testcase classname="org.atmecs.web_automation_adactin.testscript.AdactinHotelTestScript" name="launchApp" time="10.534"/>
  <testcase classname="org.atmecs.web_automation_adactin.testscript.AdactinHotelTestScript" name="performActions" time="29.885"/>
</testsuite> <!-- org.atmecs.web_automation_adactin.testscript.AdactinHotelTestScript -->
